<testsuite name="Mocha Tests" tests="5" failures="0" errors="0" skipped="0" timestamp="Wed, 30 May 2018 04:18:57 GMT" time="49.405">
<testcase classname="ShareIt UI TEST" name="Install and Open App" time="20.482"/>
<testcase classname="ShareIt UI TEST" name="Press Start" time="3.303"/>
<testcase classname="ShareIt UI TEST" name="Enter name and Enter ShareIt" time="17.997"/>
<testcase classname="ShareIt UI TEST" name="validation if in the correct page" time="0.104"/>
<testcase classname="ShareIt UI TEST" name="should end the session" time="7.499"/>
</testsuite>
